INFO - 2025-05-07 00:34:11 --> Session: Class initialized using 'CodeIgniter\Session\Handlers\FileHandler' driver.
INFO - 2025-05-07 01:44:45 --> Session: Class initialized using 'CodeIgniter\Session\Handlers\FileHandler' driver.
INFO - 2025-05-07 01:45:07 --> Session: Class initialized using 'CodeIgniter\Session\Handlers\FileHandler' driver.
INFO - 2025-05-07 01:45:08 --> Session: Class initialized using 'CodeIgniter\Session\Handlers\FileHandler' driver.
INFO - 2025-05-07 07:23:33 --> Session: Class initialized using 'CodeIgniter\Session\Handlers\FileHandler' driver.
INFO - 2025-05-07 07:33:40 --> Session: Class initialized using 'CodeIgniter\Session\Handlers\FileHandler' driver.
INFO - 2025-05-07 08:07:56 --> Session: Class initialized using 'CodeIgniter\Session\Handlers\FileHandler' driver.
INFO - 2025-05-07 08:13:33 --> Session: Class initialized using 'CodeIgniter\Session\Handlers\FileHandler' driver.
INFO - 2025-05-07 09:47:58 --> Session: Class initialized using 'CodeIgniter\Session\Handlers\FileHandler' driver.
INFO - 2025-05-07 10:31:16 --> Session: Class initialized using 'CodeIgniter\Session\Handlers\FileHandler' driver.
INFO - 2025-05-07 10:31:20 --> Session: Class initialized using 'CodeIgniter\Session\Handlers\FileHandler' driver.
INFO - 2025-05-07 10:31:20 --> Session: Class initialized using 'CodeIgniter\Session\Handlers\FileHandler' driver.
INFO - 2025-05-07 10:31:22 --> Session: Class initialized using 'CodeIgniter\Session\Handlers\FileHandler' driver.
INFO - 2025-05-07 10:31:22 --> Session: Class initialized using 'CodeIgniter\Session\Handlers\FileHandler' driver.
INFO - 2025-05-07 10:57:41 --> Session: Class initialized using 'CodeIgniter\Session\Handlers\FileHandler' driver.
INFO - 2025-05-07 11:11:13 --> Session: Class initialized using 'CodeIgniter\Session\Handlers\FileHandler' driver.
INFO - 2025-05-07 11:11:22 --> Session: Class initialized using 'CodeIgniter\Session\Handlers\FileHandler' driver.
INFO - 2025-05-07 11:11:24 --> Session: Class initialized using 'CodeIgniter\Session\Handlers\FileHandler' driver.
INFO - 2025-05-07 11:11:24 --> Session: Class initialized using 'CodeIgniter\Session\Handlers\FileHandler' driver.
INFO - 2025-05-07 11:11:26 --> Session: Class initialized using 'CodeIgniter\Session\Handlers\FileHandler' driver.
INFO - 2025-05-07 11:11:26 --> Session: Class initialized using 'CodeIgniter\Session\Handlers\FileHandler' driver.
INFO - 2025-05-07 11:11:28 --> Session: Class initialized using 'CodeIgniter\Session\Handlers\FileHandler' driver.
INFO - 2025-05-07 11:11:29 --> Session: Class initialized using 'CodeIgniter\Session\Handlers\FileHandler' driver.
INFO - 2025-05-07 11:51:17 --> Session: Class initialized using 'CodeIgniter\Session\Handlers\FileHandler' driver.
INFO - 2025-05-07 11:58:32 --> Session: Class initialized using 'CodeIgniter\Session\Handlers\FileHandler' driver.
INFO - 2025-05-07 11:58:39 --> Session: Class initialized using 'CodeIgniter\Session\Handlers\FileHandler' driver.
INFO - 2025-05-07 11:58:40 --> Session: Class initialized using 'CodeIgniter\Session\Handlers\FileHandler' driver.
INFO - 2025-05-07 11:59:51 --> Session: Class initialized using 'CodeIgniter\Session\Handlers\FileHandler' driver.
INFO - 2025-05-07 11:59:51 --> Session: Class initialized using 'CodeIgniter\Session\Handlers\FileHandler' driver.
INFO - 2025-05-07 12:00:44 --> Session: Class initialized using 'CodeIgniter\Session\Handlers\FileHandler' driver.
INFO - 2025-05-07 12:00:44 --> Session: Class initialized using 'CodeIgniter\Session\Handlers\FileHandler' driver.
INFO - 2025-05-07 12:01:29 --> Session: Class initialized using 'CodeIgniter\Session\Handlers\FileHandler' driver.
INFO - 2025-05-07 12:02:03 --> Session: Class initialized using 'CodeIgniter\Session\Handlers\FileHandler' driver.
INFO - 2025-05-07 12:02:16 --> Session: Class initialized using 'CodeIgniter\Session\Handlers\FileHandler' driver.
INFO - 2025-05-07 12:02:16 --> Data Post User: Array
(
    [user_id] => 
    [zone_id] => 
    [username] => Springsnow.
    [method] => 33
    [product] => 4845
    [wa] => 082149005430
    [email] => order@limitzstore.com
    [voucher] => 
    [jumlah] => 1
)

INFO - 2025-05-07 12:02:17 --> EWallet Charge Parameters: Array
(
    [success] => 1
    [message] => Successfully generate transaction
    [data] => Array
        (
            [reference] => T3910423445197NO3A8
            [merchant_ref] => INV56712007052025
            [payment_selection_type] => static
            [payment_method] => QRIS2
            [payment_name] => QRIS
            [customer_name] => Default
            [customer_email] => order@limitzstore.com
            [customer_phone] => 082149005430
            [callback_url] => https://limitzstore.com/sistem/callback/tripay
            [return_url] => https://limitzstore.com
            [amount] => 271878
            [fee_merchant] => 2654
            [fee_customer] => 0
            [total_fee] => 2654
            [amount_received] => 269224
            [pay_code] => 
            [pay_url] => 
            [checkout_url] => https://tripay.co.id/checkout/T3910423445197NO3A8
            [status] => UNPAID
            [expired_time] => 1746595937
            [order_items] => Array
                (
                    [0] => Array
                        (
                            [sku] => ML1045
                            [name] => 1045 Diamond
                            [price] => 271878
                            [quantity] => 1
                            [subtotal] => 271878
                            [product_url] => 
                            [image_url] => 
                        )

                )

            [instructions] => Array
                (
                    [0] => Array
                        (
                            [title] => Pembayaran via QRIS
                            [steps] => Array
                                (
                                    [0] => Masuk ke aplikasi dompet digital Anda yang telah mendukung QRIS
                                    [1] => Pindai/Scan QR Code yang tersedia
                                    [2] => Akan muncul detail transaksi. Pastikan data transaksi sudah sesuai
                                    [3] => Selesaikan proses pembayaran Anda
                                    [4] => Transaksi selesai. Simpan bukti pembayaran Anda
                                )

                        )

                    [1] => Array
                        (
                            [title] => Pembayaran via QRIS (Mobile)
                            [steps] => Array
                                (
                                    [0] => Download QR Code pada invoice
                                    [1] => Masuk ke aplikasi dompet digital Anda yang telah mendukung QRIS
                                    [2] => Upload QR Code yang telah di download tadi
                                    [3] => Akan muncul detail transaksi. Pastikan data transaksi sudah sesuai
                                    [4] => Selesaikan proses pembayaran Anda
                                    [5] => Transaksi selesai. Simpan bukti pembayaran Anda
                                )

                        )

                )

            [qr_string] => 00020101021226740025ID.CO.BANKNEOCOMMERCE.WWW011893600490800002920102120005801328150303UBE51550025ID.CO.BANKNEOCOMMERCE.WWW0215ID20253726324190303UBE52046533530336054062718785802ID5911Trijaya Pay6005NGAWI6105632636233012230019199810866535464970703A0163044D1D
            [qr_url] => https://tripay.co.id/qr/T3910423445197NO3A8
        )

)

INFO - 2025-05-07 12:02:17 --> Full Data: Array
(
    [reference] => T3910423445197NO3A8
    [merchant_ref] => INV56712007052025
    [payment_selection_type] => static
    [payment_method] => QRIS2
    [payment_name] => QRIS
    [customer_name] => Default
    [customer_email] => order@limitzstore.com
    [customer_phone] => 082149005430
    [callback_url] => https://limitzstore.com/sistem/callback/tripay
    [return_url] => https://limitzstore.com
    [amount] => 271878
    [fee_merchant] => 2654
    [fee_customer] => 0
    [total_fee] => 2654
    [amount_received] => 269224
    [pay_code] => 
    [pay_url] => 
    [checkout_url] => https://tripay.co.id/checkout/T3910423445197NO3A8
    [status] => UNPAID
    [expired_time] => 1746595937
    [order_items] => Array
        (
            [0] => Array
                (
                    [sku] => ML1045
                    [name] => 1045 Diamond
                    [price] => 271878
                    [quantity] => 1
                    [subtotal] => 271878
                    [product_url] => 
                    [image_url] => 
                )

        )

    [instructions] => Array
        (
            [0] => Array
                (
                    [title] => Pembayaran via QRIS
                    [steps] => Array
                        (
                            [0] => Masuk ke aplikasi dompet digital Anda yang telah mendukung QRIS
                            [1] => Pindai/Scan QR Code yang tersedia
                            [2] => Akan muncul detail transaksi. Pastikan data transaksi sudah sesuai
                            [3] => Selesaikan proses pembayaran Anda
                            [4] => Transaksi selesai. Simpan bukti pembayaran Anda
                        )

                )

            [1] => Array
                (
                    [title] => Pembayaran via QRIS (Mobile)
                    [steps] => Array
                        (
                            [0] => Download QR Code pada invoice
                            [1] => Masuk ke aplikasi dompet digital Anda yang telah mendukung QRIS
                            [2] => Upload QR Code yang telah di download tadi
                            [3] => Akan muncul detail transaksi. Pastikan data transaksi sudah sesuai
                            [4] => Selesaikan proses pembayaran Anda
                            [5] => Transaksi selesai. Simpan bukti pembayaran Anda
                        )

                )

        )

    [qr_string] => 00020101021226740025ID.CO.BANKNEOCOMMERCE.WWW011893600490800002920102120005801328150303UBE51550025ID.CO.BANKNEOCOMMERCE.WWW0215ID20253726324190303UBE52046533530336054062718785802ID5911Trijaya Pay6005NGAWI6105632636233012230019199810866535464970703A0163044D1D
    [qr_url] => https://tripay.co.id/qr/T3910423445197NO3A8
)

INFO - 2025-05-07 12:02:17 --> Selected Payment Code: https://tripay.co.id/qr/T3910423445197NO3A8
ERROR - 2025-05-07 12:02:17 --> Email: sendWithSmtp throwed fsockopen(): SSL operation failed with code 1. OpenSSL Error messages:
error:1416F086:SSL routines:tls_process_server_certificate:certificate verify failed
INFO - 2025-05-07 12:02:18 --> Session: Class initialized using 'CodeIgniter\Session\Handlers\FileHandler' driver.
INFO - 2025-05-07 12:02:19 --> Session: Class initialized using 'CodeIgniter\Session\Handlers\FileHandler' driver.
INFO - 2025-05-07 12:02:20 --> Session: Class initialized using 'CodeIgniter\Session\Handlers\FileHandler' driver.
INFO - 2025-05-07 12:02:21 --> Session: Class initialized using 'CodeIgniter\Session\Handlers\FileHandler' driver.
INFO - 2025-05-07 12:03:05 --> Session: Class initialized using 'CodeIgniter\Session\Handlers\FileHandler' driver.
INFO - 2025-05-07 12:03:09 --> Session: Class initialized using 'CodeIgniter\Session\Handlers\FileHandler' driver.
INFO - 2025-05-07 12:03:26 --> Session: Class initialized using 'CodeIgniter\Session\Handlers\FileHandler' driver.
INFO - 2025-05-07 12:03:29 --> Session: Class initialized using 'CodeIgniter\Session\Handlers\FileHandler' driver.
INFO - 2025-05-07 12:21:14 --> Session: Class initialized using 'CodeIgniter\Session\Handlers\FileHandler' driver.
INFO - 2025-05-07 12:21:24 --> Session: Class initialized using 'CodeIgniter\Session\Handlers\FileHandler' driver.
INFO - 2025-05-07 12:21:35 --> Session: Class initialized using 'CodeIgniter\Session\Handlers\FileHandler' driver.
INFO - 2025-05-07 12:21:39 --> Session: Class initialized using 'CodeIgniter\Session\Handlers\FileHandler' driver.
INFO - 2025-05-07 12:21:39 --> Session: Class initialized using 'CodeIgniter\Session\Handlers\FileHandler' driver.
INFO - 2025-05-07 12:22:08 --> Session: Class initialized using 'CodeIgniter\Session\Handlers\FileHandler' driver.
INFO - 2025-05-07 12:22:08 --> Session: Class initialized using 'CodeIgniter\Session\Handlers\FileHandler' driver.
INFO - 2025-05-07 12:22:46 --> Session: Class initialized using 'CodeIgniter\Session\Handlers\FileHandler' driver.
INFO - 2025-05-07 12:22:53 --> Session: Class initialized using 'CodeIgniter\Session\Handlers\FileHandler' driver.
INFO - 2025-05-07 12:23:06 --> Session: Class initialized using 'CodeIgniter\Session\Handlers\FileHandler' driver.
INFO - 2025-05-07 12:23:11 --> Session: Class initialized using 'CodeIgniter\Session\Handlers\FileHandler' driver.
INFO - 2025-05-07 12:23:22 --> Session: Class initialized using 'CodeIgniter\Session\Handlers\FileHandler' driver.
INFO - 2025-05-07 12:23:38 --> Session: Class initialized using 'CodeIgniter\Session\Handlers\FileHandler' driver.
INFO - 2025-05-07 12:23:50 --> Session: Class initialized using 'CodeIgniter\Session\Handlers\FileHandler' driver.
INFO - 2025-05-07 12:24:11 --> Session: Class initialized using 'CodeIgniter\Session\Handlers\FileHandler' driver.
INFO - 2025-05-07 12:24:11 --> Session: Class initialized using 'CodeIgniter\Session\Handlers\FileHandler' driver.
INFO - 2025-05-07 12:24:19 --> Session: Class initialized using 'CodeIgniter\Session\Handlers\FileHandler' driver.
INFO - 2025-05-07 13:20:53 --> Session: Class initialized using 'CodeIgniter\Session\Handlers\FileHandler' driver.
INFO - 2025-05-07 13:38:02 --> Session: Class initialized using 'CodeIgniter\Session\Handlers\FileHandler' driver.
INFO - 2025-05-07 13:38:09 --> Session: Class initialized using 'CodeIgniter\Session\Handlers\FileHandler' driver.
INFO - 2025-05-07 13:38:09 --> Session: Class initialized using 'CodeIgniter\Session\Handlers\FileHandler' driver.
INFO - 2025-05-07 13:38:39 --> Session: Class initialized using 'CodeIgniter\Session\Handlers\FileHandler' driver.
INFO - 2025-05-07 13:38:47 --> Session: Class initialized using 'CodeIgniter\Session\Handlers\FileHandler' driver.
INFO - 2025-05-07 13:38:51 --> Session: Class initialized using 'CodeIgniter\Session\Handlers\FileHandler' driver.
INFO - 2025-05-07 13:38:54 --> Session: Class initialized using 'CodeIgniter\Session\Handlers\FileHandler' driver.
INFO - 2025-05-07 13:38:57 --> Session: Class initialized using 'CodeIgniter\Session\Handlers\FileHandler' driver.
INFO - 2025-05-07 13:38:58 --> Session: Class initialized using 'CodeIgniter\Session\Handlers\FileHandler' driver.
INFO - 2025-05-07 13:39:00 --> Session: Class initialized using 'CodeIgniter\Session\Handlers\FileHandler' driver.
INFO - 2025-05-07 13:39:02 --> CSRF token verified.
INFO - 2025-05-07 13:39:02 --> Session: Class initialized using 'CodeIgniter\Session\Handlers\FileHandler' driver.
INFO - 2025-05-07 13:39:02 --> Session: Class initialized using 'CodeIgniter\Session\Handlers\FileHandler' driver.
INFO - 2025-05-07 13:39:05 --> Session: Class initialized using 'CodeIgniter\Session\Handlers\FileHandler' driver.
INFO - 2025-05-07 13:39:19 --> Session: Class initialized using 'CodeIgniter\Session\Handlers\FileHandler' driver.
INFO - 2025-05-07 13:39:22 --> Session: Class initialized using 'CodeIgniter\Session\Handlers\FileHandler' driver.
INFO - 2025-05-07 13:39:22 --> Session: Class initialized using 'CodeIgniter\Session\Handlers\FileHandler' driver.
INFO - 2025-05-07 13:39:31 --> Session: Class initialized using 'CodeIgniter\Session\Handlers\FileHandler' driver.
INFO - 2025-05-07 15:53:20 --> Session: Class initialized using 'CodeIgniter\Session\Handlers\FileHandler' driver.
INFO - 2025-05-07 16:06:51 --> Session: Class initialized using 'CodeIgniter\Session\Handlers\FileHandler' driver.
INFO - 2025-05-07 17:12:23 --> Session: Class initialized using 'CodeIgniter\Session\Handlers\FileHandler' driver.
INFO - 2025-05-07 17:12:31 --> Session: Class initialized using 'CodeIgniter\Session\Handlers\FileHandler' driver.
INFO - 2025-05-07 17:12:51 --> Session: Class initialized using 'CodeIgniter\Session\Handlers\FileHandler' driver.
INFO - 2025-05-07 17:12:55 --> Session: Class initialized using 'CodeIgniter\Session\Handlers\FileHandler' driver.
INFO - 2025-05-07 17:13:05 --> Session: Class initialized using 'CodeIgniter\Session\Handlers\FileHandler' driver.
INFO - 2025-05-07 17:13:24 --> CSRF token verified.
INFO - 2025-05-07 17:13:24 --> Session: Class initialized using 'CodeIgniter\Session\Handlers\FileHandler' driver.
INFO - 2025-05-07 17:13:24 --> Session: Class initialized using 'CodeIgniter\Session\Handlers\FileHandler' driver.
INFO - 2025-05-07 17:14:41 --> Session: Class initialized using 'CodeIgniter\Session\Handlers\FileHandler' driver.
INFO - 2025-05-07 17:25:21 --> Session: Class initialized using 'CodeIgniter\Session\Handlers\FileHandler' driver.
INFO - 2025-05-07 17:29:53 --> Session: Class initialized using 'CodeIgniter\Session\Handlers\FileHandler' driver.
INFO - 2025-05-07 17:29:56 --> Session: Class initialized using 'CodeIgniter\Session\Handlers\FileHandler' driver.
INFO - 2025-05-07 17:57:23 --> Session: Class initialized using 'CodeIgniter\Session\Handlers\FileHandler' driver.
INFO - 2025-05-07 17:57:47 --> Session: Class initialized using 'CodeIgniter\Session\Handlers\FileHandler' driver.
INFO - 2025-05-07 17:57:47 --> Session: Class initialized using 'CodeIgniter\Session\Handlers\FileHandler' driver.
INFO - 2025-05-07 17:59:08 --> Session: Class initialized using 'CodeIgniter\Session\Handlers\FileHandler' driver.
INFO - 2025-05-07 20:15:05 --> Session: Class initialized using 'CodeIgniter\Session\Handlers\FileHandler' driver.
INFO - 2025-05-07 21:30:14 --> Session: Class initialized using 'CodeIgniter\Session\Handlers\FileHandler' driver.
